<?xml version="1.0" encoding="UTF-8"?>
<!-- Generated by org.testng.reporters.JUnitXMLReporter -->
<testsuite hostname="DELL-PC" name="Login:: 05" tests="1" failures="1" timestamp="22 Oct 2018 09:10:36 GMT" time="380.477" errors="0">
  <testcase name="@AfterMethod tearDown" time="0.0" classname="android.Index.RedBusIndex">
    <failure type="org.openqa.selenium.remote.SessionNotFoundException" message="A session is either terminated or not started (WARNING: The server did not provide any stacktrace information)
Command duration or timeout: 9 milliseconds
Build info: version: &amp;apos;2.46.0&amp;apos;, revision: &amp;apos;61506a4624b13675f24581e453592342b7485d71&amp;apos;, time: &amp;apos;2015-06-04 10:22:50&amp;apos;
System info: host: &amp;apos;DELL-PC&amp;apos;, ip: &amp;apos;192.168.1.149&amp;apos;, os.name: &amp;apos;Windows 7&amp;apos;, os.arch: &amp;apos;amd64&amp;apos;, os.version: &amp;apos;6.1&amp;apos;, java.version: &amp;apos;1.8.0-ea&amp;apos;
Driver info: io.appium.java_client.android.AndroidDriver
Capabilities [{appPackage=in.redbus.android, noReset=false, deviceName=HKE6GZ7D, platform=LINUX, deviceUDID=HKE6GZ7D, desired={app=D:\RedBus\redbus\app\redBus Online Bus Ticket Booking Hotel Booking_v6.6.5_apkpure.com.apk, noReset=false, newCommandTimeout=600, platformVersion=6.0, autoGrantPermissions=true, unicodeKeyboard=true, platformName=Android, deviceName=TA09407DYT, resetKeyboard=true}, newCommandTimeout=600, platformVersion=6.0, webStorageEnabled=false, takesScreenshot=true, javascriptEnabled=true, unicodeKeyboard=true, platformName=Android, deviceManufacturer=motorola, resetKeyboard=true, app=D:\RedBus\redbus\app\redBus Online Bus Ticket Booking Hotel Booking_v6.6.5_apkpure.com.apk, deviceScreenSize=720x1280, networkConnectionEnabled=true, warnings={}, appWaitPackage=in.redbus.android, appWaitActivity=in.redbus.android.root.SplashScreen, databaseEnabled=false, appActivity=in.redbus.android.root.SplashScreen, locationContextEnabled=false, autoGrantPermissions=true, deviceModel=XT1700}]
Session ID: 7f45187b-efbe-4d40-95c7-2ddaf0795493">
      <![CDATA[org.openqa.selenium.remote.SessionNotFoundException: A session is either terminated or not started (WARNING: The server did not provide any stacktrace information)
Command duration or timeout: 9 milliseconds
Build info: version: '2.46.0', revision: '61506a4624b13675f24581e453592342b7485d71', time: '2015-06-04 10:22:50'
System info: host: 'DELL-PC', ip: '192.168.1.149', os.name: 'Windows 7', os.arch: 'amd64', os.version: '6.1', java.version: '1.8.0-ea'
Driver info: io.appium.java_client.android.AndroidDriver
Capabilities [{appPackage=in.redbus.android, noReset=false, deviceName=HKE6GZ7D, platform=LINUX, deviceUDID=HKE6GZ7D, desired={app=D:\RedBus\redbus\app\redBus Online Bus Ticket Booking Hotel Booking_v6.6.5_apkpure.com.apk, noReset=false, newCommandTimeout=600, platformVersion=6.0, autoGrantPermissions=true, unicodeKeyboard=true, platformName=Android, deviceName=TA09407DYT, resetKeyboard=true}, newCommandTimeout=600, platformVersion=6.0, webStorageEnabled=false, takesScreenshot=true, javascriptEnabled=true, unicodeKeyboard=true, platformName=Android, deviceManufacturer=motorola, resetKeyboard=true, app=D:\RedBus\redbus\app\redBus Online Bus Ticket Booking Hotel Booking_v6.6.5_apkpure.com.apk, deviceScreenSize=720x1280, networkConnectionEnabled=true, warnings={}, appWaitPackage=in.redbus.android, appWaitActivity=in.redbus.android.root.SplashScreen, databaseEnabled=false, appActivity=in.redbus.android.root.SplashScreen, locationContextEnabled=false, autoGrantPermissions=true, deviceModel=XT1700}]
Session ID: 7f45187b-efbe-4d40-95c7-2ddaf0795493
	at org.openqa.selenium.remote.ErrorHandler.createThrowable(ErrorHandler.java:204)
	at org.openqa.selenium.remote.ErrorHandler.throwIfResponseFailed(ErrorHandler.java:162)
	at org.openqa.selenium.remote.RemoteWebDriver.execute(RemoteWebDriver.java:605)
	at io.appium.java_client.DefaultGenericMobileDriver.execute(DefaultGenericMobileDriver.java:27)
	at io.appium.java_client.AppiumDriver.execute(AppiumDriver.java:272)
	at org.openqa.selenium.remote.RemoteWebDriver.getScreenshotAs(RemoteWebDriver.java:330)
	at android.init.TestCommons.makeScreenshot(TestCommons.java:202)
	at android.init.AppiumInit.tearDown(AppiumInit.java:216)
	at java.util.concurrent.FutureTask.run(FutureTask.java:266)
	at java.util.concurrent.ThreadPoolExecutor.runWorker(ThreadPoolExecutor.java:1142)
	at java.util.concurrent.ThreadPoolExecutor$Worker.run(ThreadPoolExecutor.java:617)
	at java.lang.Thread.run(Thread.java:744)
... Removed 22 stack frames]]>
    </failure>
  </testcase> <!-- @AfterMethod tearDown -->
  <testcase name="login" time="291.993" classname="android.Index.RedBusIndex">
    <failure type="org.openqa.selenium.remote.SessionNotFoundException" message="A session is either terminated or not started (WARNING: The server did not provide any stacktrace information)
Command duration or timeout: 9 milliseconds
Build info: version: &amp;apos;2.46.0&amp;apos;, revision: &amp;apos;61506a4624b13675f24581e453592342b7485d71&amp;apos;, time: &amp;apos;2015-06-04 10:22:50&amp;apos;
System info: host: &amp;apos;DELL-PC&amp;apos;, ip: &amp;apos;192.168.1.149&amp;apos;, os.name: &amp;apos;Windows 7&amp;apos;, os.arch: &amp;apos;amd64&amp;apos;, os.version: &amp;apos;6.1&amp;apos;, java.version: &amp;apos;1.8.0-ea&amp;apos;
Driver info: io.appium.java_client.android.AndroidDriver
Capabilities [{appPackage=in.redbus.android, noReset=false, deviceName=HKE6GZ7D, platform=LINUX, deviceUDID=HKE6GZ7D, desired={app=D:\RedBus\redbus\app\redBus Online Bus Ticket Booking Hotel Booking_v6.6.5_apkpure.com.apk, noReset=false, newCommandTimeout=600, platformVersion=6.0, autoGrantPermissions=true, unicodeKeyboard=true, platformName=Android, deviceName=TA09407DYT, resetKeyboard=true}, newCommandTimeout=600, platformVersion=6.0, webStorageEnabled=false, takesScreenshot=true, javascriptEnabled=true, unicodeKeyboard=true, platformName=Android, deviceManufacturer=motorola, resetKeyboard=true, app=D:\RedBus\redbus\app\redBus Online Bus Ticket Booking Hotel Booking_v6.6.5_apkpure.com.apk, deviceScreenSize=720x1280, networkConnectionEnabled=true, warnings={}, appWaitPackage=in.redbus.android, appWaitActivity=in.redbus.android.root.SplashScreen, databaseEnabled=false, appActivity=in.redbus.android.root.SplashScreen, locationContextEnabled=false, autoGrantPermissions=true, deviceModel=XT1700}]
Session ID: 7f45187b-efbe-4d40-95c7-2ddaf0795493
*** Element info: {Using=id, value=in.redbus.android:id/mobileNumber}">
      <![CDATA[org.openqa.selenium.remote.SessionNotFoundException: A session is either terminated or not started (WARNING: The server did not provide any stacktrace information)
Command duration or timeout: 9 milliseconds
Build info: version: '2.46.0', revision: '61506a4624b13675f24581e453592342b7485d71', time: '2015-06-04 10:22:50'
System info: host: 'DELL-PC', ip: '192.168.1.149', os.name: 'Windows 7', os.arch: 'amd64', os.version: '6.1', java.version: '1.8.0-ea'
Driver info: io.appium.java_client.android.AndroidDriver
Capabilities [{appPackage=in.redbus.android, noReset=false, deviceName=HKE6GZ7D, platform=LINUX, deviceUDID=HKE6GZ7D, desired={app=D:\RedBus\redbus\app\redBus Online Bus Ticket Booking Hotel Booking_v6.6.5_apkpure.com.apk, noReset=false, newCommandTimeout=600, platformVersion=6.0, autoGrantPermissions=true, unicodeKeyboard=true, platformName=Android, deviceName=TA09407DYT, resetKeyboard=true}, newCommandTimeout=600, platformVersion=6.0, webStorageEnabled=false, takesScreenshot=true, javascriptEnabled=true, unicodeKeyboard=true, platformName=Android, deviceManufacturer=motorola, resetKeyboard=true, app=D:\RedBus\redbus\app\redBus Online Bus Ticket Booking Hotel Booking_v6.6.5_apkpure.com.apk, deviceScreenSize=720x1280, networkConnectionEnabled=true, warnings={}, appWaitPackage=in.redbus.android, appWaitActivity=in.redbus.android.root.SplashScreen, databaseEnabled=false, appActivity=in.redbus.android.root.SplashScreen, locationContextEnabled=false, autoGrantPermissions=true, deviceModel=XT1700}]
Session ID: 7f45187b-efbe-4d40-95c7-2ddaf0795493
*** Element info: {Using=id, value=in.redbus.android:id/mobileNumber}
	at org.openqa.selenium.remote.ErrorHandler.createThrowable(ErrorHandler.java:204)
	at org.openqa.selenium.remote.ErrorHandler.throwIfResponseFailed(ErrorHandler.java:162)
	at org.openqa.selenium.remote.RemoteWebDriver.execute(RemoteWebDriver.java:605)
	at io.appium.java_client.DefaultGenericMobileDriver.execute(DefaultGenericMobileDriver.java:27)
	at io.appium.java_client.AppiumDriver.execute(AppiumDriver.java:1)
	at io.appium.java_client.android.AndroidDriver.execute(AndroidDriver.java:1)
	at org.openqa.selenium.remote.RemoteWebDriver.findElement(RemoteWebDriver.java:358)
	at org.openqa.selenium.remote.RemoteWebDriver.findElementById(RemoteWebDriver.java:399)
	at io.appium.java_client.DefaultGenericMobileDriver.findElementById(DefaultGenericMobileDriver.java:47)
	at io.appium.java_client.AppiumDriver.findElementById(AppiumDriver.java:1)
	at io.appium.java_client.android.AndroidDriver.findElementById(AndroidDriver.java:1)
	at android.IndexPage.RedBusIndexpage.entermobilenumber(RedBusIndexpage.java:53)
	at android.Index.RedBusIndex.login(RedBusIndex.java:189)
	at java.util.concurrent.FutureTask.run(FutureTask.java:266)
	at java.util.concurrent.ThreadPoolExecutor.runWorker(ThreadPoolExecutor.java:1142)
	at java.util.concurrent.ThreadPoolExecutor$Worker.run(ThreadPoolExecutor.java:617)
	at java.lang.Thread.run(Thread.java:744)
... Removed 20 stack frames]]>
    </failure>
  </testcase> <!-- login -->
</testsuite> <!-- Login:: 05 -->
