<?xml version="1.0" encoding="UTF-8"?>
<testng-results skipped="0" failed="0" total="1" passed="1">
  <reporter-output>
    <line>
      <![CDATA[<br>--------------------------------------------------------------------------</br>]]>
    </line>
    <line>
      <![CDATA[<br>------------------- Initiating the Mobile App Session -------------------</br>]]>
    </line>
    <line>
      <![CDATA[<br>--------------------------------------------------------------------------</br>]]>
    </line>
    <line>
      <![CDATA[<strong> <h3 style="color:DarkViolet"> Sign In with RedBus using valid Credential Details </h3> </strong>]]>
    </line>
    <line>
      <![CDATA[<br>Step 1:Choose The Language </br>]]>
    </line>
    <line>
      <![CDATA[<br>Step 2:Click on Continue </br>]]>
    </line>
    <line>
      <![CDATA[<br>Step 3:Swipe the Screens Right to Left </br>]]>
    </line>
    <line>
      <![CDATA[<br>Step 4:Swipe the Screens Right to Left</br>]]>
    </line>
    <line>
      <![CDATA[<br>Step 5:Click on Skip  </br>]]>
    </line>
    <line>
      <![CDATA[<br>Step 6:Tap On Screen </br>]]>
    </line>
    <line>
      <![CDATA[<br>======> Tap on the Enter City Field <=====</br>]]>
    </line>
    <line>
      <![CDATA[<br>Step 7:Click on the Profile Icon </br>]]>
    </line>
    <line>
      <![CDATA[<br>Step 8:Click on Login </br>]]>
    </line>
    <line>
      <![CDATA[<br>Step 9:Click on Login Again </br>]]>
    </line>
    <line>
      <![CDATA[<br>Step 10:Enter Mobile Number </br>]]>
    </line>
    <line>
      <![CDATA[<br>Step 11:Click on Login Again </br>]]>
    </line>
  </reporter-output>
  <suite name="Red Bus Mobile Application" duration-ms="435755" started-at="2018-09-27T12:19:55Z" finished-at="2018-09-27T12:27:10Z">
    <groups>
    </groups>
    <test name="Login:: 05" duration-ms="435755" started-at="2018-09-27T12:19:55Z" finished-at="2018-09-27T12:27:10Z">
      <class name="android.Index.RedBusIndex">
        <test-method status="PASS" signature="setUp(java.lang.reflect.Method)[pri:0, instance:android.Index.RedBusIndex@6fd02e5]" name="setUp" is-config="true" duration-ms="83603" started-at="2018-09-27T17:49:55Z" finished-at="2018-09-27T17:51:18Z">
          <params>
            <param index="0">
              <value>
                <![CDATA[public void android.Index.RedBusIndex.login() throws java.lang.Exception]]>
              </value>
            </param>
          </params>
          <reporter-output>
            <line>
              <![CDATA[<br>--------------------------------------------------------------------------</br>]]>
            </line>
            <line>
              <![CDATA[<br>------------------- Initiating the Mobile App Session -------------------</br>]]>
            </line>
            <line>
              <![CDATA[<br>--------------------------------------------------------------------------</br>]]>
            </line>
          </reporter-output>
        </test-method> <!-- setUp -->
        <test-method status="PASS" signature="login()[pri:0, instance:android.Index.RedBusIndex@6fd02e5]" name="login" duration-ms="342315" started-at="2018-09-27T17:51:18Z" finished-at="2018-09-27T17:57:01Z">
          <reporter-output>
            <line>
              <![CDATA[<strong> <h3 style="color:DarkViolet"> Sign In with RedBus using valid Credential Details </h3> </strong>]]>
            </line>
            <line>
              <![CDATA[<br>Step 1:Choose The Language </br>]]>
            </line>
            <line>
              <![CDATA[<br>Step 2:Click on Continue </br>]]>
            </line>
            <line>
              <![CDATA[<br>Step 3:Swipe the Screens Right to Left </br>]]>
            </line>
            <line>
              <![CDATA[<br>Step 4:Swipe the Screens Right to Left</br>]]>
            </line>
            <line>
              <![CDATA[<br>Step 5:Click on Skip  </br>]]>
            </line>
            <line>
              <![CDATA[<br>Step 6:Tap On Screen </br>]]>
            </line>
            <line>
              <![CDATA[<br>======> Tap on the Enter City Field <=====</br>]]>
            </line>
            <line>
              <![CDATA[<br>Step 7:Click on the Profile Icon </br>]]>
            </line>
            <line>
              <![CDATA[<br>Step 8:Click on Login </br>]]>
            </line>
            <line>
              <![CDATA[<br>Step 9:Click on Login Again </br>]]>
            </line>
            <line>
              <![CDATA[<br>Step 10:Enter Mobile Number </br>]]>
            </line>
            <line>
              <![CDATA[<br>Step 11:Click on Login Again </br>]]>
            </line>
          </reporter-output>
        </test-method> <!-- login -->
        <test-method status="PASS" signature="tearDown(org.testng.ITestResult)[pri:0, instance:android.Index.RedBusIndex@6fd02e5]" name="tearDown" is-config="true" duration-ms="9827" started-at="2018-09-27T17:57:01Z" finished-at="2018-09-27T17:57:10Z">
          <params>
            <param index="0">
              <value>
                <![CDATA[[TestResult name=login status=SUCCESS method=RedBusIndex.login()[pri:0, instance:android.Index.RedBusIndex@6fd02e5] output=<strong> <h3 style="color:DarkViolet"> Sign In with RedBus using valid Credential Details </h3> </strong>]]]>
              </value>
            </param>
          </params>
          <reporter-output>
          </reporter-output>
        </test-method> <!-- tearDown -->
      </class> <!-- android.Index.RedBusIndex -->
    </test> <!-- Login:: 05 -->
  </suite> <!-- Red Bus Mobile Application -->
</testng-results>
