<?xml version="1.0" encoding="UTF-8"?>
<testng-results skipped="0" failed="0" total="1" passed="1">
  <reporter-output>
    <line>
      <![CDATA[<br>--------------------------------------------------------------------------</br>]]>
    </line>
    <line>
      <![CDATA[<br>------------------- Initiating the Mobile App Session -------------------</br>]]>
    </line>
    <line>
      <![CDATA[<br>--------------------------------------------------------------------------</br>]]>
    </line>
    <line>
      <![CDATA[<strong> <h3 style="color:DarkViolet"> Sign In with RedBus using valid Credential Details </h3> </strong>]]>
    </line>
    <line>
      <![CDATA[<br>Step 1:Choose The Language </br>]]>
    </line>
    <line>
      <![CDATA[<br>Step 2:Click on Continue </br>]]>
    </line>
    <line>
      <![CDATA[<br>Step 3:Swipe the Screens Right to Left </br>]]>
    </line>
    <line>
      <![CDATA[<br>Step 4:Swipe the Screens Right to Left</br>]]>
    </line>
    <line>
      <![CDATA[<br>Step 5:Swipe the Screens Left to Right </br>]]>
    </line>
    <line>
      <![CDATA[<br>Step 6:Swipe the Screens Left to Right</br>]]>
    </line>
    <line>
      <![CDATA[<br>Step 7:Swipe the Screens Right to Left </br>]]>
    </line>
    <line>
      <![CDATA[<br>Step 8:Swipe the Screens Right to Left</br>]]>
    </line>
    <line>
      <![CDATA[<br>Step 9:Click on Skip  </br>]]>
    </line>
    <line>
      <![CDATA[<br>Step 10:Tap On Screen </br>]]>
    </line>
    <line>
      <![CDATA[<br>======> Tap on the Enter City Field <=====</br>]]>
    </line>
  </reporter-output>
  <suite name="Red Bus Mobile Application" duration-ms="353553" started-at="2018-09-26T06:23:09Z" finished-at="2018-09-26T06:29:02Z">
    <groups>
    </groups>
    <test name="Swipe Screens:: 03" duration-ms="353553" started-at="2018-09-26T06:23:09Z" finished-at="2018-09-26T06:29:02Z">
      <class name="android.Index.RedBusIndex">
        <test-method status="PASS" signature="setUp(java.lang.reflect.Method)[pri:0, instance:android.Index.RedBusIndex@7085bdee]" name="setUp" is-config="true" duration-ms="64712" started-at="2018-09-26T11:53:09Z" finished-at="2018-09-26T11:54:14Z">
          <params>
            <param index="0">
              <value>
                <![CDATA[public void android.Index.RedBusIndex.swipethescreens() throws java.lang.Exception]]>
              </value>
            </param>
          </params>
          <reporter-output>
            <line>
              <![CDATA[<br>--------------------------------------------------------------------------</br>]]>
            </line>
            <line>
              <![CDATA[<br>------------------- Initiating the Mobile App Session -------------------</br>]]>
            </line>
            <line>
              <![CDATA[<br>--------------------------------------------------------------------------</br>]]>
            </line>
          </reporter-output>
        </test-method> <!-- setUp -->
        <test-method status="PASS" signature="swipethescreens()[pri:0, instance:android.Index.RedBusIndex@7085bdee]" name="swipethescreens" duration-ms="279192" started-at="2018-09-26T11:54:14Z" finished-at="2018-09-26T11:58:53Z">
          <reporter-output>
            <line>
              <![CDATA[<strong> <h3 style="color:DarkViolet"> Sign In with RedBus using valid Credential Details </h3> </strong>]]>
            </line>
            <line>
              <![CDATA[<br>Step 1:Choose The Language </br>]]>
            </line>
            <line>
              <![CDATA[<br>Step 2:Click on Continue </br>]]>
            </line>
            <line>
              <![CDATA[<br>Step 3:Swipe the Screens Right to Left </br>]]>
            </line>
            <line>
              <![CDATA[<br>Step 4:Swipe the Screens Right to Left</br>]]>
            </line>
            <line>
              <![CDATA[<br>Step 5:Swipe the Screens Left to Right </br>]]>
            </line>
            <line>
              <![CDATA[<br>Step 6:Swipe the Screens Left to Right</br>]]>
            </line>
            <line>
              <![CDATA[<br>Step 7:Swipe the Screens Right to Left </br>]]>
            </line>
            <line>
              <![CDATA[<br>Step 8:Swipe the Screens Right to Left</br>]]>
            </line>
            <line>
              <![CDATA[<br>Step 9:Click on Skip  </br>]]>
            </line>
            <line>
              <![CDATA[<br>Step 10:Tap On Screen </br>]]>
            </line>
            <line>
              <![CDATA[<br>======> Tap on the Enter City Field <=====</br>]]>
            </line>
          </reporter-output>
        </test-method> <!-- swipethescreens -->
        <test-method status="PASS" signature="tearDown(org.testng.ITestResult)[pri:0, instance:android.Index.RedBusIndex@7085bdee]" name="tearDown" is-config="true" duration-ms="9640" started-at="2018-09-26T11:58:53Z" finished-at="2018-09-26T11:59:02Z">
          <params>
            <param index="0">
              <value>
                <![CDATA[[TestResult name=swipethescreens status=SUCCESS method=RedBusIndex.swipethescreens()[pri:0, instance:android.Index.RedBusIndex@7085bdee] output=<strong> <h3 style="color:DarkViolet"> Sign In with RedBus using valid Credential Details </h3> </strong>]]]>
              </value>
            </param>
          </params>
          <reporter-output>
          </reporter-output>
        </test-method> <!-- tearDown -->
      </class> <!-- android.Index.RedBusIndex -->
    </test> <!-- Swipe Screens:: 03 -->
  </suite> <!-- Red Bus Mobile Application -->
</testng-results>
