<?xml version="1.0" encoding="UTF-8"?>
<testsuite xmlns:xsi="http://www.w3.org/2001/XMLSchema-instance" xsi:noNamespaceSchemaLocation="https://maven.apache.org/surefire/maven-surefire-plugin/xsd/surefire-test-report.xsd" name="TestSuite" time="381.701" tests="2" errors="0" skipped="0" failures="2">
  <properties>
[...]
</properties>
  <testcase name="login" classname="android.Index.RedBusIndex" time="292.007">
    <failure message="A session is either terminated or not started (WARNING: The server did not provide any stacktrace information)&#10;Command duration or timeout: 9 milliseconds&#10;Build info: version: &apos;2.46.0&apos;, revision: &apos;61506a4624b13675f24581e453592342b7485d71&apos;, time: &apos;2015-06-04 10:22:50&apos;&#10;System info: host: &apos;DELL-PC&apos;, ip: &apos;192.168.1.149&apos;, os.name: &apos;Windows 7&apos;, os.arch: &apos;amd64&apos;, os.version: &apos;6.1&apos;, java.version: &apos;1.8.0-ea&apos;&#10;Driver info: io.appium.java_client.android.AndroidDriver&#10;Capabilities [{appPackage=in.redbus.android, noReset=false, deviceName=HKE6GZ7D, platform=LINUX, deviceUDID=HKE6GZ7D, desired={app=D:\RedBus\redbus\app\redBus Online Bus Ticket Booking Hotel Booking_v6.6.5_apkpure.com.apk, noReset=false, newCommandTimeout=600, platformVersion=6.0, autoGrantPermissions=true, unicodeKeyboard=true, platformName=Android, deviceName=TA09407DYT, resetKeyboard=true}, newCommandTimeout=600, platformVersion=6.0, webStorageEnabled=false, takesScreenshot=true, javascriptEnabled=true, unicodeKeyboard=true, platformName=Android, deviceManufacturer=motorola, resetKeyboard=true, app=D:\RedBus\redbus\app\redBus Online Bus Ticket Booking Hotel Booking_v6.6.5_apkpure.com.apk, deviceScreenSize=720x1280, networkConnectionEnabled=true, warnings={}, appWaitPackage=in.redbus.android, appWaitActivity=in.redbus.android.root.SplashScreen, databaseEnabled=false, appActivity=in.redbus.android.root.SplashScreen, locationContextEnabled=false, autoGrantPermissions=true, deviceModel=XT1700}]&#10;Session ID: 7f45187b-efbe-4d40-95c7-2ddaf0795493&#10;*** Element info: {Using=id, value=in.redbus.android:id/mobileNumber}" type="org.openqa.selenium.remote.SessionNotFoundException">org.openqa.selenium.remote.SessionNotFoundException: 
A session is either terminated or not started (WARNING: The server did not provide any stacktrace information)
Command duration or timeout: 9 milliseconds
Build info: version: '2.46.0', revision: '61506a4624b13675f24581e453592342b7485d71', time: '2015-06-04 10:22:50'
System info: host: 'DELL-PC', ip: '192.168.1.149', os.name: 'Windows 7', os.arch: 'amd64', os.version: '6.1', java.version: '1.8.0-ea'
Driver info: io.appium.java_client.android.AndroidDriver
Capabilities [{appPackage=in.redbus.android, noReset=false, deviceName=HKE6GZ7D, platform=LINUX, deviceUDID=HKE6GZ7D, desired={app=D:\RedBus\redbus\app\redBus Online Bus Ticket Booking Hotel Booking_v6.6.5_apkpure.com.apk, noReset=false, newCommandTimeout=600, platformVersion=6.0, autoGrantPermissions=true, unicodeKeyboard=true, platformName=Android, deviceName=TA09407DYT, resetKeyboard=true}, newCommandTimeout=600, platformVersion=6.0, webStorageEnabled=false, takesScreenshot=true, javascriptEnabled=true, unicodeKeyboard=true, platformName=Android, deviceManufacturer=motorola, resetKeyboard=true, app=D:\RedBus\redbus\app\redBus Online Bus Ticket Booking Hotel Booking_v6.6.5_apkpure.com.apk, deviceScreenSize=720x1280, networkConnectionEnabled=true, warnings={}, appWaitPackage=in.redbus.android, appWaitActivity=in.redbus.android.root.SplashScreen, databaseEnabled=false, appActivity=in.redbus.android.root.SplashScreen, locationContextEnabled=false, autoGrantPermissions=true, deviceModel=XT1700}]
Session ID: 7f45187b-efbe-4d40-95c7-2ddaf0795493
*** Element info: {Using=id, value=in.redbus.android:id/mobileNumber}
	at android.Index.RedBusIndex.login(RedBusIndex.java:189)
</failure>
    <system-out><![CDATA[...
... TestNG 6.8.9beta by Cédric Beust (cedric@beust.com)
...

<br>--------------------------------------------------------------------------</br>
<br>------------------- Initiating the Mobile App Session -------------------</br>
<br>--------------------------------------------------------------------------</br>
Sign In with RedBus using valid Credential Details 
<br>Step 1:Choose The Language </br>
<br>Step 2:Click on Continue </br>
<br>Step 3:Swipe the Screens Right to Left </br>
(720, 1184)
Start swipe operation
<br>Step 4:Swipe the Screens Right to Left</br>
(720, 1184)
Start swipe operation
<br>Step 5:Click on Skip  </br>
<br>Step 6:Tap On Screen </br>
<br>======> Tap on the Enter City Field <=====</br>
<br>Step 7:Click on the Profile Icon </br>
<br>Step 8:Click on Login </br>
<br>Step 9:Click on Login Again </br>
<br>Step 10:Enter Mobile Number </br>
]]></system-out>
  </testcase>
  <testcase name="tearDown" classname="android.Index.RedBusIndex" time="292.053">
    <failure message="A session is either terminated or not started (WARNING: The server did not provide any stacktrace information)&#10;Command duration or timeout: 9 milliseconds&#10;Build info: version: &apos;2.46.0&apos;, revision: &apos;61506a4624b13675f24581e453592342b7485d71&apos;, time: &apos;2015-06-04 10:22:50&apos;&#10;System info: host: &apos;DELL-PC&apos;, ip: &apos;192.168.1.149&apos;, os.name: &apos;Windows 7&apos;, os.arch: &apos;amd64&apos;, os.version: &apos;6.1&apos;, java.version: &apos;1.8.0-ea&apos;&#10;Driver info: io.appium.java_client.android.AndroidDriver&#10;Capabilities [{appPackage=in.redbus.android, noReset=false, deviceName=HKE6GZ7D, platform=LINUX, deviceUDID=HKE6GZ7D, desired={app=D:\RedBus\redbus\app\redBus Online Bus Ticket Booking Hotel Booking_v6.6.5_apkpure.com.apk, noReset=false, newCommandTimeout=600, platformVersion=6.0, autoGrantPermissions=true, unicodeKeyboard=true, platformName=Android, deviceName=TA09407DYT, resetKeyboard=true}, newCommandTimeout=600, platformVersion=6.0, webStorageEnabled=false, takesScreenshot=true, javascriptEnabled=true, unicodeKeyboard=true, platformName=Android, deviceManufacturer=motorola, resetKeyboard=true, app=D:\RedBus\redbus\app\redBus Online Bus Ticket Booking Hotel Booking_v6.6.5_apkpure.com.apk, deviceScreenSize=720x1280, networkConnectionEnabled=true, warnings={}, appWaitPackage=in.redbus.android, appWaitActivity=in.redbus.android.root.SplashScreen, databaseEnabled=false, appActivity=in.redbus.android.root.SplashScreen, locationContextEnabled=false, autoGrantPermissions=true, deviceModel=XT1700}]&#10;Session ID: 7f45187b-efbe-4d40-95c7-2ddaf0795493" type="org.openqa.selenium.remote.SessionNotFoundException">org.openqa.selenium.remote.SessionNotFoundException: 
A session is either terminated or not started (WARNING: The server did not provide any stacktrace information)
Command duration or timeout: 9 milliseconds
Build info: version: '2.46.0', revision: '61506a4624b13675f24581e453592342b7485d71', time: '2015-06-04 10:22:50'
System info: host: 'DELL-PC', ip: '192.168.1.149', os.name: 'Windows 7', os.arch: 'amd64', os.version: '6.1', java.version: '1.8.0-ea'
Driver info: io.appium.java_client.android.AndroidDriver
Capabilities [{appPackage=in.redbus.android, noReset=false, deviceName=HKE6GZ7D, platform=LINUX, deviceUDID=HKE6GZ7D, desired={app=D:\RedBus\redbus\app\redBus Online Bus Ticket Booking Hotel Booking_v6.6.5_apkpure.com.apk, noReset=false, newCommandTimeout=600, platformVersion=6.0, autoGrantPermissions=true, unicodeKeyboard=true, platformName=Android, deviceName=TA09407DYT, resetKeyboard=true}, newCommandTimeout=600, platformVersion=6.0, webStorageEnabled=false, takesScreenshot=true, javascriptEnabled=true, unicodeKeyboard=true, platformName=Android, deviceManufacturer=motorola, resetKeyboard=true, app=D:\RedBus\redbus\app\redBus Online Bus Ticket Booking Hotel Booking_v6.6.5_apkpure.com.apk, deviceScreenSize=720x1280, networkConnectionEnabled=true, warnings={}, appWaitPackage=in.redbus.android, appWaitActivity=in.redbus.android.root.SplashScreen, databaseEnabled=false, appActivity=in.redbus.android.root.SplashScreen, locationContextEnabled=false, autoGrantPermissions=true, deviceModel=XT1700}]
Session ID: 7f45187b-efbe-4d40-95c7-2ddaf0795493
</failure>
    <system-out><![CDATA[
TEST FAILED - login

ERROR MESSAGE: org.openqa.selenium.remote.SessionNotFoundException: A session is either terminated or not started (WARNING: The server did not provide any stacktrace information)
Command duration or timeout: 9 milliseconds
Build info: version: '2.46.0', revision: '61506a4624b13675f24581e453592342b7485d71', time: '2015-06-04 10:22:50'
System info: host: 'DELL-PC', ip: '192.168.1.149', os.name: 'Windows 7', os.arch: 'amd64', os.version: '6.1', java.version: '1.8.0-ea'
Driver info: io.appium.java_client.android.AndroidDriver
Capabilities [{appPackage=in.redbus.android, noReset=false, deviceName=HKE6GZ7D, platform=LINUX, deviceUDID=HKE6GZ7D, desired={app=D:\RedBus\redbus\app\redBus Online Bus Ticket Booking Hotel Booking_v6.6.5_apkpure.com.apk, noReset=false, newCommandTimeout=600, platformVersion=6.0, autoGrantPermissions=true, unicodeKeyboard=true, platformName=Android, deviceName=TA09407DYT, resetKeyboard=true}, newCommandTimeout=600, platformVersion=6.0, webStorageEnabled=false, takesScreenshot=true, javascriptEnabled=true, unicodeKeyboard=true, platformName=Android, deviceManufacturer=motorola, resetKeyboard=true, app=D:\RedBus\redbus\app\redBus Online Bus Ticket Booking Hotel Booking_v6.6.5_apkpure.com.apk, deviceScreenSize=720x1280, networkConnectionEnabled=true, warnings={}, appWaitPackage=in.redbus.android, appWaitActivity=in.redbus.android.root.SplashScreen, databaseEnabled=false, appActivity=in.redbus.android.root.SplashScreen, locationContextEnabled=false, autoGrantPermissions=true, deviceModel=XT1700}]
Session ID: 7f45187b-efbe-4d40-95c7-2ddaf0795493
*** Element info: {Using=id, value=in.redbus.android:id/mobileNumber}


========++++++1022144036509========++++++++++
]]></system-out>
    <system-err><![CDATA[=====Creating Log=======
=====Log Completed=======
Oct 22, 2018 2:40:36 PM org.openqa.selenium.remote.Augmenter extractRemoteWebDriver
WARNING: Augmenter should be applied to the instances of @Augmentable classes or previously augmented instances only
]]></system-err>
  </testcase>
</testsuite>